<?xml version="1.0" encoding="UTF-8"?>
<!-- Generated by org.testng.reporters.JUnitReportReporter -->
<testsuite hostname="DESKTOP-OBL360D" failures="0" tests="1" name="test.LoginTest" time="12.602" errors="0" timestamp="2025-08-24T18:03:56 IST" skipped="0">
  <testcase classname="test.LoginTest" name="Login" time="12.602"/>
</testsuite> <!-- test.LoginTest -->
